<?xml version="1.0" encoding="UTF-8"?>
<testsuite xmlns:xsi="http://www.w3.org/2001/XMLSchema-instance" xsi:noNamespaceSchemaLocation="https://maven.apache.org/surefire/maven-surefire-plugin/xsd/surefire-test-report.xsd" name="com.tester.cases.EmailTest" time="11.453" tests="4" errors="0" skipped="0" failures="4">
  <properties>
[...]
</properties>
  <testcase name="testSendAttach on testSendAttach(com.tester.cases.EmailTest)" classname="com.tester.cases.EmailTest" time="0.696">
    <failure message="javax.mail.AuthenticationFailedException: 535 Login Fail. Please enter your authorization code to login. More information in http://service.mail.qq.com/cgi-bin/help?subtype=1&amp;&amp;id=28&amp;&amp;no=1001256&#10;" type="io.github.biezhi.ome.SendMailException"><![CDATA[io.github.biezhi.ome.SendMailException: 
javax.mail.AuthenticationFailedException: 535 Login Fail. Please enter your authorization code to login. More information in http://service.mail.qq.com/cgi-bin/help?subtype=1&&id=28&&no=1001256

	at com.tester.cases.EmailTest.testSendAttach(EmailTest.java:58)
Caused by: javax.mail.AuthenticationFailedException: 
535 Login Fail. Please enter your authorization code to login. More information in http://service.mail.qq.com/cgi-bin/help?subtype=1&&id=28&&no=1001256

	at com.tester.cases.EmailTest.testSendAttach(EmailTest.java:58)
]]></failure>
    <system-out><![CDATA[
  .   ____          _            __ _ _
 /\\ / ___'_ __ _ _(_)_ __  __ _ \ \ \ \
( ( )\___ | '_ | '_| | '_ \/ _` | \ \ \ \
 \\/  ___)| |_)| | | | | || (_| |  ) ) ) )
  '  |____| .__|_| |_|_| |_\__, | / / / /
 =========|_|==============|___/=/_/_/_/
 :: Spring Boot ::        (v2.0.2.RELEASE)

2020-03-10 14:50:35.758 [main] WARN  o.s.b.t.j.DuplicateJsonObjectContextCustomizerFactory$DuplicateJsonObjectContextCustomizer - 

Found multiple occurrences of org.json.JSONObject on the class path:

	jar:file:/C:/userapp/apache-maven-3.5.4/repository/org/json/json/20170516/json-20170516.jar!/org/json/JSONObject.class
	jar:file:/C:/userapp/apache-maven-3.5.4/repository/com/vaadin/external/google/android-json/0.0.20131108.vaadin1/android-json-0.0.20131108.vaadin1.jar!/org/json/JSONObject.class

You may wish to exclude one of them to ensure predictable runtime behavior

2020-03-10 14:50:35.778 [main] INFO  com.tester.cases.EmailTest - Starting EmailTest on DESKTOP-460F5LV with PID 7356 (started by 瓜皮 in D:\ideaProctect\email)
2020-03-10 14:50:35.778 [main] INFO  com.tester.cases.EmailTest - No active profile set, falling back to default profiles: default
2020-03-10 14:50:35.829 [main] INFO  org.springframework.web.context.support.GenericWebApplicationContext - Refreshing org.springframework.web.context.support.GenericWebApplicationContext@73d983ea: startup date [Tue Mar 10 14:50:35 CST 2020]; root of context hierarchy
2020-03-10 14:50:36.262 [main] WARN  org.mybatis.spring.mapper.ClassPathMapperScanner - No MyBatis mapper was found in '[com.tester.dao]' package. Please check your configuration.
2020-03-10 14:50:36.358 [main] WARN  org.mybatis.spring.mapper.ClassPathMapperScanner - No MyBatis mapper was found in '[com.tester]' package. Please check your configuration.
2020-03-10 14:50:36.910 [main] INFO  org.springframework.web.servlet.handler.SimpleUrlHandlerMapping - Mapped URL path [/**/favicon.ico] onto handler of type [class org.springframework.web.servlet.resource.ResourceHttpRequestHandler]
2020-03-10 14:50:37.093 [main] INFO  o.springframework.web.servlet.mvc.method.annotation.RequestMappingHandlerAdapter - Looking for @ControllerAdvice: org.springframework.web.context.support.GenericWebApplicationContext@73d983ea: startup date [Tue Mar 10 14:50:35 CST 2020]; root of context hierarchy
2020-03-10 14:50:37.253 [main] INFO  o.springframework.web.servlet.mvc.method.annotation.RequestMappingHandlerMapping - Mapped "{[/error]}" onto public org.springframework.http.ResponseEntity<java.util.Map<java.lang.String, java.lang.Object>> org.springframework.boot.autoconfigure.web.servlet.error.BasicErrorController.error(javax.servlet.http.HttpServletRequest)
2020-03-10 14:50:37.254 [main] INFO  o.springframework.web.servlet.mvc.method.annotation.RequestMappingHandlerMapping - Mapped "{[/error],produces=[text/html]}" onto public org.springframework.web.servlet.ModelAndView org.springframework.boot.autoconfigure.web.servlet.error.BasicErrorController.errorHtml(javax.servlet.http.HttpServletRequest,javax.servlet.http.HttpServletResponse)
2020-03-10 14:50:37.284 [main] INFO  org.springframework.web.servlet.handler.SimpleUrlHandlerMapping - Mapped URL path [/webjars/**] onto handler of type [class org.springframework.web.servlet.resource.ResourceHttpRequestHandler]
2020-03-10 14:50:37.284 [main] INFO  org.springframework.web.servlet.handler.SimpleUrlHandlerMapping - Mapped URL path [/**] onto handler of type [class org.springframework.web.servlet.resource.ResourceHttpRequestHandler]
2020-03-10 14:50:37.634 [main] INFO  org.mongodb.driver.cluster - Cluster created with settings {hosts=[localhost:27017], mode=SINGLE, requiredClusterType=UNKNOWN, serverSelectionTimeout='30000 ms', maxWaitQueueSize=500}
2020-03-10 14:50:37.726 [main] INFO  com.tester.cases.EmailTest - Started EmailTest in 2.383 seconds (JVM running for 3.217)
DEBUG: JavaMail version 1.6.2
DEBUG: successfully loaded resource: /META-INF/javamail.default.address.map
DEBUG: getProvider() returning javax.mail.Provider[TRANSPORT,smtp,com.sun.mail.smtp.SMTPTransport,Oracle]
DEBUG SMTP: need username and password for authentication
DEBUG SMTP: protocolConnect returning false, host=smtp.qq.com, user=瓜皮, password=<null>
DEBUG SMTP: useEhlo true, useAuth true
DEBUG SMTP: trying to connect to host "smtp.qq.com", port 465, isSSL true
220 newxmesmtplogicsvrszc3.qq.com XMail Esmtp QQ Mail Server.
DEBUG SMTP: connected to host "smtp.qq.com", port: 465
EHLO DESKTOP-460F5LV
250-newxmesmtplogicsvrszc3.qq.com
250-PIPELINING
250-SIZE 73400320
250-AUTH LOGIN PLAIN
250-AUTH=LOGIN
250-MAILCOMPRESS
250 8BITMIME
DEBUG SMTP: Found extension "PIPELINING", arg ""
DEBUG SMTP: Found extension "SIZE", arg "73400320"
DEBUG SMTP: Found extension "AUTH", arg "LOGIN PLAIN"
DEBUG SMTP: Found extension "AUTH=LOGIN", arg ""
DEBUG SMTP: Found extension "MAILCOMPRESS", arg ""
DEBUG SMTP: Found extension "8BITMIME", arg ""
DEBUG SMTP: protocolConnect login, host=smtp.qq.com, user=yaokai@kanda-data.com, password=<non-null>
DEBUG SMTP: Attempt to authenticate using mechanisms: LOGIN PLAIN DIGEST-MD5 NTLM XOAUTH2 
DEBUG SMTP: Using mechanism LOGIN
DEBUG SMTP: AUTH LOGIN command trace suppressed
DEBUG SMTP: AUTH LOGIN failed
]]></system-out>
    <system-err><![CDATA[三月 10, 2020 2:50:35 下午 org.springframework.boot.test.context.SpringBootTestContextBootstrapper buildDefaultMergedContextConfiguration
信息: Neither @ContextConfiguration nor @ContextHierarchy found for test class [com.tester.cases.EmailTest], using SpringBootContextLoader
三月 10, 2020 2:50:35 下午 org.springframework.test.context.support.AbstractContextLoader generateDefaultLocations
信息: Could not detect default resource locations for test class [com.tester.cases.EmailTest]: no resource found for suffixes {-context.xml, Context.groovy}.
三月 10, 2020 2:50:35 下午 org.springframework.test.context.support.AnnotationConfigContextLoaderUtils detectDefaultConfigurationClasses
信息: Could not detect default configuration classes for test class [com.tester.cases.EmailTest]: EmailTest does not declare any static, non-private, non-final, nested classes annotated with @Configuration.
三月 10, 2020 2:50:35 下午 org.springframework.boot.test.context.SpringBootTestContextBootstrapper getOrFindConfigurationClasses
信息: Found @SpringBootConfiguration com.tester.Application for test class com.tester.cases.EmailTest
三月 10, 2020 2:50:35 下午 org.springframework.boot.test.context.SpringBootTestContextBootstrapper getDefaultTestExecutionListenerClassNames
信息: Loaded default TestExecutionListener class names from location [META-INF/spring.factories]: [org.springframework.boot.test.mock.mockito.MockitoTestExecutionListener, org.springframework.boot.test.mock.mockito.ResetMocksTestExecutionListener, org.springframework.boot.test.autoconfigure.restdocs.RestDocsTestExecutionListener, org.springframework.boot.test.autoconfigure.web.client.MockRestServiceServerResetTestExecutionListener, org.springframework.boot.test.autoconfigure.web.servlet.MockMvcPrintOnlyOnFailureTestExecutionListener, org.springframework.boot.test.autoconfigure.web.servlet.WebDriverTestExecutionListener, org.springframework.test.context.web.ServletTestExecutionListener, org.springframework.test.context.support.DirtiesContextBeforeModesTestExecutionListener, org.springframework.test.context.support.DependencyInjectionTestExecutionListener, org.springframework.test.context.support.DirtiesContextTestExecutionListener, org.springframework.test.context.transaction.TransactionalTestExecutionListener, org.springframework.test.context.jdbc.SqlScriptsTestExecutionListener]
三月 10, 2020 2:50:35 下午 org.springframework.boot.test.context.SpringBootTestContextBootstrapper getTestExecutionListeners
信息: Using TestExecutionListeners: [org.springframework.test.context.web.ServletTestExecutionListener@68e5eea7, org.springframework.test.context.support.DirtiesContextBeforeModesTestExecutionListener@291b4bf5, org.springframework.boot.test.mock.mockito.MockitoTestExecutionListener@2d2ffcb7, org.springframework.boot.test.autoconfigure.SpringBootDependencyInjectionTestExecutionListener@762ef0ea, org.springframework.test.context.support.DirtiesContextTestExecutionListener@31f9b85e, org.springframework.test.context.transaction.TransactionalTestExecutionListener@424e1977, org.springframework.test.context.jdbc.SqlScriptsTestExecutionListener@10d68fcd, org.springframework.boot.test.mock.mockito.ResetMocksTestExecutionListener@117e949d, org.springframework.boot.test.autoconfigure.restdocs.RestDocsTestExecutionListener@6db9f5a4, org.springframework.boot.test.autoconfigure.web.client.MockRestServiceServerResetTestExecutionListener@5f8edcc5, org.springframework.boot.test.autoconfigure.web.servlet.MockMvcPrintOnlyOnFailureTestExecutionListener@7b02881e, org.springframework.boot.test.autoconfigure.web.servlet.WebDriverTestExecutionListener@1ebd319f]
]]></system-err>
  </testcase>
  <testcase name="testSendAttachURL on testSendAttachURL(com.tester.cases.EmailTest)" classname="com.tester.cases.EmailTest" time="6.892">
    <failure message="javax.mail.AuthenticationFailedException: 535 Login Fail. Please enter your authorization code to login. More information in http://service.mail.qq.com/cgi-bin/help?subtype=1&amp;&amp;id=28&amp;&amp;no=1001256&#10;" type="io.github.biezhi.ome.SendMailException"><![CDATA[io.github.biezhi.ome.SendMailException: 
javax.mail.AuthenticationFailedException: 535 Login Fail. Please enter your authorization code to login. More information in http://service.mail.qq.com/cgi-bin/help?subtype=1&&id=28&&no=1001256

	at com.tester.cases.EmailTest.testSendAttachURL(EmailTest.java:68)
Caused by: javax.mail.AuthenticationFailedException: 
535 Login Fail. Please enter your authorization code to login. More information in http://service.mail.qq.com/cgi-bin/help?subtype=1&&id=28&&no=1001256

	at com.tester.cases.EmailTest.testSendAttachURL(EmailTest.java:68)
]]></failure>
    <system-out><![CDATA[DEBUG: JavaMail version 1.6.2
DEBUG: successfully loaded resource: /META-INF/javamail.default.address.map
2020-03-10 14:50:38.731 [cluster-ClusterId{value='5e6738bd689e9d1cbc20da47', description='null'}-localhost:27017] INFO  org.mongodb.driver.cluster - Exception in monitor thread while connecting to server localhost:27017
com.mongodb.MongoSocketOpenException: Exception opening socket
	at com.mongodb.connection.SocketStream.open(SocketStream.java:63)
	at com.mongodb.connection.InternalStreamConnection.open(InternalStreamConnection.java:114)
	at com.mongodb.connection.DefaultServerMonitor$ServerMonitorRunnable.run(DefaultServerMonitor.java:127)
	at java.lang.Thread.run(Thread.java:748)
Caused by: java.net.ConnectException: Connection refused: connect
	at java.net.DualStackPlainSocketImpl.waitForConnect(Native Method)
	at java.net.DualStackPlainSocketImpl.socketConnect(DualStackPlainSocketImpl.java:85)
	at java.net.AbstractPlainSocketImpl.doConnect(AbstractPlainSocketImpl.java:350)
	at java.net.AbstractPlainSocketImpl.connectToAddress(AbstractPlainSocketImpl.java:206)
	at java.net.AbstractPlainSocketImpl.connect(AbstractPlainSocketImpl.java:188)
	at java.net.PlainSocketImpl.connect(PlainSocketImpl.java:172)
	at java.net.SocksSocketImpl.connect(SocksSocketImpl.java:392)
	at java.net.Socket.connect(Socket.java:589)
	at com.mongodb.connection.SocketStreamHelper.initialize(SocketStreamHelper.java:50)
	at com.mongodb.connection.SocketStream.open(SocketStream.java:58)
	... 3 common frames omitted
DEBUG: getProvider() returning javax.mail.Provider[TRANSPORT,smtp,com.sun.mail.smtp.SMTPTransport,Oracle]
DEBUG SMTP: need username and password for authentication
DEBUG SMTP: protocolConnect returning false, host=smtp.qq.com, user=瓜皮, password=<null>
DEBUG SMTP: useEhlo true, useAuth true
DEBUG SMTP: trying to connect to host "smtp.qq.com", port 465, isSSL true
220 newxmesmtplogicsvrszc1.qq.com XMail Esmtp QQ Mail Server.
DEBUG SMTP: connected to host "smtp.qq.com", port: 465
EHLO DESKTOP-460F5LV
250-newxmesmtplogicsvrszc1.qq.com
250-PIPELINING
250-SIZE 73400320
250-AUTH LOGIN PLAIN
250-AUTH=LOGIN
250-MAILCOMPRESS
250 8BITMIME
DEBUG SMTP: Found extension "PIPELINING", arg ""
DEBUG SMTP: Found extension "SIZE", arg "73400320"
DEBUG SMTP: Found extension "AUTH", arg "LOGIN PLAIN"
DEBUG SMTP: Found extension "AUTH=LOGIN", arg ""
DEBUG SMTP: Found extension "MAILCOMPRESS", arg ""
DEBUG SMTP: Found extension "8BITMIME", arg ""
DEBUG SMTP: protocolConnect login, host=smtp.qq.com, user=yaokai@kanda-data.com, password=<non-null>
DEBUG SMTP: Attempt to authenticate using mechanisms: LOGIN PLAIN DIGEST-MD5 NTLM XOAUTH2 
DEBUG SMTP: Using mechanism LOGIN
DEBUG SMTP: AUTH LOGIN command trace suppressed
DEBUG SMTP: AUTH LOGIN failed
]]></system-out>
  </testcase>
  <testcase name="testSendHtml on testSendHtml(com.tester.cases.EmailTest)" classname="com.tester.cases.EmailTest" time="0.365">
    <failure message="javax.mail.AuthenticationFailedException: 535 Login Fail. Please enter your authorization code to login. More information in http://service.mail.qq.com/cgi-bin/help?subtype=1&amp;&amp;id=28&amp;&amp;no=1001256&#10;" type="io.github.biezhi.ome.SendMailException"><![CDATA[io.github.biezhi.ome.SendMailException: 
javax.mail.AuthenticationFailedException: 535 Login Fail. Please enter your authorization code to login. More information in http://service.mail.qq.com/cgi-bin/help?subtype=1&&id=28&&no=1001256

	at com.tester.cases.EmailTest.testSendHtml(EmailTest.java:48)
Caused by: javax.mail.AuthenticationFailedException: 
535 Login Fail. Please enter your authorization code to login. More information in http://service.mail.qq.com/cgi-bin/help?subtype=1&&id=28&&no=1001256

	at com.tester.cases.EmailTest.testSendHtml(EmailTest.java:48)
]]></failure>
    <system-out><![CDATA[DEBUG: JavaMail version 1.6.2
DEBUG: successfully loaded resource: /META-INF/javamail.default.address.map
DEBUG: getProvider() returning javax.mail.Provider[TRANSPORT,smtp,com.sun.mail.smtp.SMTPTransport,Oracle]
DEBUG SMTP: need username and password for authentication
DEBUG SMTP: protocolConnect returning false, host=smtp.qq.com, user=瓜皮, password=<null>
DEBUG SMTP: useEhlo true, useAuth true
DEBUG SMTP: trying to connect to host "smtp.qq.com", port 465, isSSL true
220 newxmesmtplogicsvrsza3.qq.com XMail Esmtp QQ Mail Server.
DEBUG SMTP: connected to host "smtp.qq.com", port: 465
EHLO DESKTOP-460F5LV
250-newxmesmtplogicsvrsza3.qq.com
250-PIPELINING
250-SIZE 73400320
250-AUTH LOGIN PLAIN
250-AUTH=LOGIN
250-MAILCOMPRESS
250 8BITMIME
DEBUG SMTP: Found extension "PIPELINING", arg ""
DEBUG SMTP: Found extension "SIZE", arg "73400320"
DEBUG SMTP: Found extension "AUTH", arg "LOGIN PLAIN"
DEBUG SMTP: Found extension "AUTH=LOGIN", arg ""
DEBUG SMTP: Found extension "MAILCOMPRESS", arg ""
DEBUG SMTP: Found extension "8BITMIME", arg ""
DEBUG SMTP: protocolConnect login, host=smtp.qq.com, user=yaokai@kanda-data.com, password=<non-null>
DEBUG SMTP: Attempt to authenticate using mechanisms: LOGIN PLAIN DIGEST-MD5 NTLM XOAUTH2 
DEBUG SMTP: Using mechanism LOGIN
DEBUG SMTP: AUTH LOGIN command trace suppressed
DEBUG SMTP: AUTH LOGIN failed
]]></system-out>
  </testcase>
  <testcase name="testSendText on testSendText(com.tester.cases.EmailTest)" classname="com.tester.cases.EmailTest" time="0.359">
    <failure message="javax.mail.AuthenticationFailedException: 535 Login Fail. Please enter your authorization code to login. More information in http://service.mail.qq.com/cgi-bin/help?subtype=1&amp;&amp;id=28&amp;&amp;no=1001256&#10;" type="io.github.biezhi.ome.SendMailException"><![CDATA[io.github.biezhi.ome.SendMailException: 
javax.mail.AuthenticationFailedException: 535 Login Fail. Please enter your authorization code to login. More information in http://service.mail.qq.com/cgi-bin/help?subtype=1&&id=28&&no=1001256

	at com.tester.cases.EmailTest.testSendText(EmailTest.java:39)
Caused by: javax.mail.AuthenticationFailedException: 
535 Login Fail. Please enter your authorization code to login. More information in http://service.mail.qq.com/cgi-bin/help?subtype=1&&id=28&&no=1001256

	at com.tester.cases.EmailTest.testSendText(EmailTest.java:39)
]]></failure>
    <system-out><![CDATA[DEBUG: JavaMail version 1.6.2
DEBUG: successfully loaded resource: /META-INF/javamail.default.address.map
DEBUG: getProvider() returning javax.mail.Provider[TRANSPORT,smtp,com.sun.mail.smtp.SMTPTransport,Oracle]
DEBUG SMTP: need username and password for authentication
DEBUG SMTP: protocolConnect returning false, host=smtp.qq.com, user=瓜皮, password=<null>
DEBUG SMTP: useEhlo true, useAuth true
DEBUG SMTP: trying to connect to host "smtp.qq.com", port 465, isSSL true
220 newxmesmtplogicsvrszb1.qq.com XMail Esmtp QQ Mail Server.
DEBUG SMTP: connected to host "smtp.qq.com", port: 465
EHLO DESKTOP-460F5LV
250-newxmesmtplogicsvrszb1.qq.com
250-PIPELINING
250-SIZE 73400320
250-AUTH LOGIN PLAIN
250-AUTH=LOGIN
250-MAILCOMPRESS
250 8BITMIME
DEBUG SMTP: Found extension "PIPELINING", arg ""
DEBUG SMTP: Found extension "SIZE", arg "73400320"
DEBUG SMTP: Found extension "AUTH", arg "LOGIN PLAIN"
DEBUG SMTP: Found extension "AUTH=LOGIN", arg ""
DEBUG SMTP: Found extension "MAILCOMPRESS", arg ""
DEBUG SMTP: Found extension "8BITMIME", arg ""
DEBUG SMTP: protocolConnect login, host=smtp.qq.com, user=yaokai@kanda-data.com, password=<non-null>
DEBUG SMTP: Attempt to authenticate using mechanisms: LOGIN PLAIN DIGEST-MD5 NTLM XOAUTH2 
DEBUG SMTP: Using mechanism LOGIN
DEBUG SMTP: AUTH LOGIN command trace suppressed
DEBUG SMTP: AUTH LOGIN failed
]]></system-out>
  </testcase>
</testsuite>